       Leo     20 statements before dead code elimination.
       Leo     20 statements after dead code elimination.
       Leo     The program checksum is: '[133u8, 14u8, 225u8, 37u8, 206u8, 66u8, 255u8, 61u8, 75u8, 17u8, 227u8, 139u8, 197u8, 97u8, 78u8, 168u8, 123u8, 119u8, 79u8, 204u8, 199u8, 254u8, 220u8, 253u8, 113u8, 77u8, 93u8, 109u8, 156u8, 171u8, 12u8, 52u8]'.
       Leo ✅ Compiled 'veilnet_ai.aleo' into Aleo instructions.

📢 Using the following consensus heights: 0,2950000,4800000,6625000,6765000,7600000,8365000,9173000,9800000,10525000,11952000,12669000
  To override, pass in `--consensus-heights` or override the environment variable `CONSENSUS_VERSION_HEIGHTS`.


🛠️  Deployment Plan Summary
──────────────────────────────────────────────
🔧 Configuration:
  Private Key:        APrivateKey1zkp8346GLnHm...
  Address:            aleo1nzlm0f9sd3kglpv3wc2...
  Endpoint:           https://api.explorer.provable.com/v1
  Network:            testnet
  Consensus Version:  12

📦 Deployment Tasks:
  • veilnet_ai.aleo  │ priority fee: 0  │ fee record: no (public fee)

⚙️ Actions:
  • Transaction(s) will NOT be printed to the console.
  • Transaction(s) will NOT be saved to a file.
  • Transaction(s) will be broadcast to https://api.explorer.provable.com/v1
──────────────────────────────────────────────


🔧 Your program 'veilnet_ai.aleo' has the following constructor.
──────────────────────────────────────────────
constructor:
    assert.eq edition 0u16;
──────────────────────────────────────────────
Once it is deployed, it CANNOT be changed.

📦 Creating deployment transaction for 'veilnet_ai.aleo'...


📊 Deployment Summary for veilnet_ai.aleo
──────────────────────────────────────────────
  Total Variables:      88,198
  Total Constraints:    68,661
  Max Variables:        2,097,152
  Max Constraints:      2,097,152

💰 Cost Breakdown (credits)
  Transaction Storage:  2.957000
  Program Synthesis:    0.156859
  Namespace:            1.000000
  Constructor:          0.002000
  Priority Fee:         0.000000
  Total Fee:            4.115859
──────────────────────────────────────────────

📡 Broadcasting deployment for veilnet_ai.aleo...
💰Your current public balance is 20 credits.

✉️ Broadcasted transaction with:
  - transaction ID: 'at1nq8n96fw47jnuuqdtv64mgtx4uk7t8p7vpktmrqdjdfe39fevvzsdej6my'
  - fee ID: 'au1gq0wyveg832myddk5gsx2eual3we9k0g0r7gpy685daa5ulsuvzqhf5y24'
  - fee transaction ID: 'at1yt5s2tsswpfg5pjl00jrnlknj7ngutxs3cm3jt7ef5p99ta2qq8q67t53n'
    (use this to check for rejected transactions)

🔄 Searching up to 12 blocks to confirm transaction (this may take several seconds)...
Explored 2 blocks.
Transaction accepted.
✅ Deployment confirmed!
