🎉 VeilNet AI Private Deployment Success Log
==========================================

📅 Deployment Date: March 2, 2026
🌐 Network: Aleo Testnet
📦 Program: veilnet_ai_private.aleo
💰 Cost: 4.577809 credits

📊 Transaction Details:
- Transaction ID: at134zusx3cmzhkmqcs5djnd7s05davnwhuse7h63eurjemrkx6xs8qnhkr67
- Fee ID: au1qlsaeaq7f845958m436epg9q8s7kftkap7yz03kfx387x6apx5zq7qftmt
- Fee Transaction ID: at1tgr9vsy68jmdgh9khz4n58evecgr6ppppevmak4jsfuqqfewcy9qvpf4tt

🔍 Explorer Links:
- Program: https://testnet.explorer.provable.com/program/veilnet_ai_private.aleo
- Transaction: https://testnet.explorer.provable.com/transaction/at134zusx3cmzhkmqcs5djnd7s05davnwhuse7h63eurjemrkx6xs8qnhkr67

✅ Status: SUCCESSFULLY DEPLOYED AND CONFIRMED
🔄 Blocks Explored: 3
💰 Remaining Balance: ~52.18 credits

🔒 PRIVACY FEATURES:
- ALL sensitive data stored in PRIVATE records
- Only cryptographic hashes visible publicly
- Real on-chain verification with multiple checks
- Anonymous statistics tracking only
- TRUE client-side processing (files never uploaded)

📋 Program Features:
- Constructor: initialize_program() with proper finalize
- Functions: submit_analysis, verify_proof_exists, get_verification_stats
- Privacy: PRIVATE records for all sensitive data
- Security: Multi-layer validation and verification
- Network: Aleo Testnet Beta

🛡️ SECURITY ENHANCEMENTS:
- Document hash validation (non-zero check)
- Timestamp verification (24-hour window)
- Risk score range validation (0-100)
- Cross-hash verification with BHP256
- Deterministic proof ID generation

🔧 Environment Updated:
- NEXT_PUBLIC_ALEO_PROGRAM_ID=veilnet_ai_private.aleo
- NEXT_PUBLIC_TRANSACTION_ID=at134zusx3cmzhkmqcs5djnd7s05davnwhuse7h63eurjemrkx6xs8qnhkr67

🚀 Ready for TRUE Privacy-Preserving Production Use!