🎉 VeilNet AI v7 TRUE Privacy Deployment Success Log
====================================================

📅 Deployment Date: March 13, 2026
🌐 Network: Aleo Testnet
📦 Program: veilnet_ai_v7.aleo
💰 Cost: 5.897940 credits

📊 Transaction Details:
- Transaction ID: at15y8mscrjusnp3hfdssp5unuj78xzs8s3rsjdc9xxttxdh07umgrs8w4uls
- Fee ID: au1rgcqxa0jf8xhrdsvtvxwtf02hexmphgmatn6mr2frg5qz8mn4szs70kd3j
- Fee Transaction ID: at1333kntz5c3ftp7pungcndr8lxgvtdulrghzgwj9uctwcse3v4uyqj8n0fe

🔍 Explorer Links:
- Program: https://testnet.explorer.provable.com/program/veilnet_ai_v7.aleo
- Transaction: https://testnet.explorer.provable.com/transaction/at15y8mscrjusnp3hfdssp5unuj78xzs8s3rsjdc9xxttxdh07umgrs8w4uls

✅ Status: SUCCESSFULLY DEPLOYED AND CONFIRMED
🔄 Blocks Explored: 3
💰 Remaining Balance: ~26.73 credits

🔒 TRUE ZERO-KNOWLEDGE PRIVACY FEATURES:
✅ PRIVATE records for all sensitive data (document_hash, analysis_hash, risk_score, timestamp)
✅ Only cryptographic hashes visible publicly on-chain
✅ Real on-chain verification with multiple validation checks
✅ Anonymous statistics tracking only (no personal data)
✅ TRUE client-side processing (NO files uploaded to server)
✅ Deterministic proof IDs with BHP256 hashing
✅ Private record ownership verification
✅ Multi-layer security validations

📋 Enhanced Program Features:
- Constructor: Proper initialization with edition check
- Functions: submit_analysis, verify_proof_ownership, verify_proof_exists, get_verification_stats
- Privacy: PRIVATE AnalysisProof records (completely hidden from public view)
- Security: 5-layer validation system with comprehensive checks
- Network: Aleo Testnet Beta with consensus version 12

🛡️ SECURITY ENHANCEMENTS:
- Risk score validation (0-100 range)
- Document hash validation (non-zero check)
- Analysis hash validation (non-zero check)
- Cross-hash verification (document ≠ analysis)
- Timestamp validation (non-zero check)
- Owner verification (caller must match)
- Duplicate prevention (document_hash uniqueness)
- Deterministic proof ID generation with BHP256
- Private verification key generation
- Anonymous risk category statistics

🔧 Environment Updated:
- NEXT_PUBLIC_ALEO_PROGRAM_ID=veilnet_ai_v7.aleo
- NEXT_PUBLIC_TRANSACTION_ID=at15y8mscrjusnp3hfdssp5unuj78xzs8s3rsjdc9xxttxdh07umgrs8w4uls

🚀 PRIVACY VIOLATIONS FIXED:
✅ Removed /api/upload-file endpoint (files never uploaded)
✅ All analysis happens client-side in browser
✅ Only cryptographic hashes submitted to blockchain
✅ Private records hide all sensitive data
✅ True zero-knowledge privacy implementation

🎯 Ready for TRUE Privacy-Preserving Production Use!